<?xml version="1.0" encoding="UTF-8"?>
<testsuite xmlns:xsi="http://www.w3.org/2001/XMLSchema-instance" xsi:noNamespaceSchemaLocation="https://maven.apache.org/surefire/maven-surefire-plugin/xsd/surefire-test-report-3.0.xsd" version="3.0" name="com.gymnetwork.GymMarketplaceApplicationTests" time="11.806" tests="1" errors="0" skipped="0" failures="0">
  <properties>
[...]
</properties>
  <testcase name="contextLoads" classname="com.gymnetwork.GymMarketplaceApplicationTests" time="0.426">
    <system-out><![CDATA[Standard Commons Logging discovery in action with spring-jcl: please remove commons-logging.jar from classpath in order to avoid potential conflicts
14:19:58.365 [main] INFO org.springframework.test.context.support.AnnotationConfigContextLoaderUtils -- Could not detect default configuration classes for test class [com.gymnetwork.GymMarketplaceApplicationTests]: GymMarketplaceApplicationTests does not declare any static, non-private, non-final, nested classes annotated with @Configuration.
14:19:58.511 [main] INFO org.springframework.boot.test.context.SpringBootTestContextBootstrapper -- Found @SpringBootConfiguration com.gymnetwork.GymMarketplaceApplication for test class com.gymnetwork.GymMarketplaceApplicationTests

  .   ____          _            __ _ _
 /\\ / ___'_ __ _ _(_)_ __  __ _ \ \ \ \
( ( )\___ | '_ | '_| | '_ \/ _` | \ \ \ \
 \\/  ___)| |_)| | | | | || (_| |  ) ) ) )
  '  |____| .__|_| |_|_| |_\__, | / / / /
 =========|_|==============|___/=/_/_/_/
 :: Spring Boot ::                (v3.2.5)

2026-07-26T14:19:59.121+05:30  WARN 27133 --- [gym-marketplace] [           main] ory$DuplicateJsonObjectContextCustomizer : 

Found multiple occurrences of org.json.JSONObject on the class path:

	jar:file:/home/omi/.m2/repository/org/json/json/20180130/json-20180130.jar!/org/json/JSONObject.class
	jar:file:/home/omi/.m2/repository/com/vaadin/external/google/android-json/0.0.20131108.vaadin1/android-json-0.0.20131108.vaadin1.jar!/org/json/JSONObject.class

You may wish to exclude one of them to ensure predictable runtime behavior

2026-07-26T14:19:59.140+05:30  INFO 27133 --- [gym-marketplace] [           main] c.g.GymMarketplaceApplicationTests       : Starting GymMarketplaceApplicationTests using Java 21.0.11 with PID 27133 (started by omi in /home/omi/.gemini/antigravity/scratch/gym-marketplace)
2026-07-26T14:19:59.141+05:30  INFO 27133 --- [gym-marketplace] [           main] c.g.GymMarketplaceApplicationTests       : The following 1 profile is active: "test"
2026-07-26T14:19:59.142+05:30 DEBUG 27133 --- [gym-marketplace] [           main] o.s.boot.SpringApplication               : Loading source class com.gymnetwork.GymMarketplaceApplication
2026-07-26T14:19:59.197+05:30 DEBUG 27133 --- [gym-marketplace] [           main] o.s.w.c.s.GenericWebApplicationContext   : Refreshing org.springframework.web.context.support.GenericWebApplicationContext@41a6d121
2026-07-26T14:20:00.973+05:30  INFO 27133 --- [gym-marketplace] [           main] .s.d.r.c.RepositoryConfigurationDelegate : Multiple Spring Data modules found, entering strict repository configuration mode
2026-07-26T14:20:00.975+05:30  INFO 27133 --- [gym-marketplace] [           main] .s.d.r.c.RepositoryConfigurationDelegate : Bootstrapping Spring Data JPA repositories in DEFAULT mode.
2026-07-26T14:20:00.998+05:30 DEBUG 27133 --- [gym-marketplace] [           main] o.s.b.a.AutoConfigurationPackages        : @EnableAutoConfiguration was declared on a class in the package 'com.gymnetwork'. Automatic @Repository and @Entity scanning is enabled.
2026-07-26T14:20:01.316+05:30  INFO 27133 --- [gym-marketplace] [           main] .s.d.r.c.RepositoryConfigurationDelegate : Finished Spring Data repository scanning in 330 ms. Found 21 JPA repository interfaces.
2026-07-26T14:20:02.618+05:30  INFO 27133 --- [gym-marketplace] [           main] o.hibernate.jpa.internal.util.LogHelper  : HHH000204: Processing PersistenceUnitInfo [name: default]
2026-07-26T14:20:02.689+05:30  INFO 27133 --- [gym-marketplace] [           main] org.hibernate.Version                    : HHH000412: Hibernate ORM core version 6.4.4.Final
2026-07-26T14:20:02.735+05:30  INFO 27133 --- [gym-marketplace] [           main] o.h.c.internal.RegionFactoryInitiator    : HHH000026: Second-level cache disabled
2026-07-26T14:20:03.043+05:30  INFO 27133 --- [gym-marketplace] [           main] o.s.o.j.p.SpringPersistenceUnitInfo      : No LoadTimeWeaver setup: ignoring JPA class transformer
2026-07-26T14:20:03.077+05:30  INFO 27133 --- [gym-marketplace] [           main] com.zaxxer.hikari.HikariDataSource       : HikariPool-1 - Starting...
2026-07-26T14:20:03.343+05:30  INFO 27133 --- [gym-marketplace] [           main] com.zaxxer.hikari.pool.HikariPool        : HikariPool-1 - Added connection conn0: url=jdbc:h2:mem:gym_marketplace_test user=SA
2026-07-26T14:20:03.345+05:30  INFO 27133 --- [gym-marketplace] [           main] com.zaxxer.hikari.HikariDataSource       : HikariPool-1 - Start completed.
2026-07-26T14:20:03.383+05:30  WARN 27133 --- [gym-marketplace] [           main] org.hibernate.orm.deprecation            : HHH90000025: H2Dialect does not need to be specified explicitly using 'hibernate.dialect' (remove the property setting and it will be selected by default)
2026-07-26T14:20:05.263+05:30  INFO 27133 --- [gym-marketplace] [           main] o.h.e.t.j.p.i.JtaPlatformInitiator       : HHH000489: No JTA platform available (set 'hibernate.transaction.jta.platform' to enable JTA platform integration)
2026-07-26T14:20:05.280+05:30 DEBUG 27133 --- [gym-marketplace] [           main] org.hibernate.SQL                        : 
    drop table if exists audit_logs cascade 
Hibernate: 
    drop table if exists audit_logs cascade 
2026-07-26T14:20:05.284+05:30 DEBUG 27133 --- [gym-marketplace] [           main] org.hibernate.SQL                        : 
    drop table if exists bookings cascade 
Hibernate: 
    drop table if exists bookings cascade 
2026-07-26T14:20:05.285+05:30 DEBUG 27133 --- [gym-marketplace] [           main] org.hibernate.SQL                        : 
    drop table if exists check_ins cascade 
Hibernate: 
    drop table if exists check_ins cascade 
2026-07-26T14:20:05.285+05:30 DEBUG 27133 --- [gym-marketplace] [           main] org.hibernate.SQL                        : 
    drop table if exists gym_analytics cascade 
Hibernate: 
    drop table if exists gym_analytics cascade 
2026-07-26T14:20:05.286+05:30 DEBUG 27133 --- [gym-marketplace] [           main] org.hibernate.SQL                        : 
    drop table if exists gym_badges cascade 
Hibernate: 
    drop table if exists gym_badges cascade 
2026-07-26T14:20:05.286+05:30 DEBUG 27133 --- [gym-marketplace] [           main] org.hibernate.SQL                        : 
    drop table if exists gym_facilities cascade 
Hibernate: 
    drop table if exists gym_facilities cascade 
2026-07-26T14:20:05.286+05:30 DEBUG 27133 --- [gym-marketplace] [           main] org.hibernate.SQL                        : 
    drop table if exists gym_holidays cascade 
Hibernate: 
    drop table if exists gym_holidays cascade 
2026-07-26T14:20:05.287+05:30 DEBUG 27133 --- [gym-marketplace] [           main] org.hibernate.SQL                        : 
    drop table if exists gym_images cascade 
Hibernate: 
    drop table if exists gym_images cascade 
2026-07-26T14:20:05.287+05:30 DEBUG 27133 --- [gym-marketplace] [           main] org.hibernate.SQL                        : 
    drop table if exists gym_owner_profiles cascade 
Hibernate: 
    drop table if exists gym_owner_profiles cascade 
2026-07-26T14:20:05.287+05:30 DEBUG 27133 --- [gym-marketplace] [           main] org.hibernate.SQL                        : 
    drop table if exists gym_pricing cascade 
Hibernate: 
    drop table if exists gym_pricing cascade 
2026-07-26T14:20:05.288+05:30 DEBUG 27133 --- [gym-marketplace] [           main] org.hibernate.SQL                        : 
    drop table if exists gym_timings cascade 
Hibernate: 
    drop table if exists gym_timings cascade 
2026-07-26T14:20:05.288+05:30 DEBUG 27133 --- [gym-marketplace] [           main] org.hibernate.SQL                        : 
    drop table if exists gyms cascade 
Hibernate: 
    drop table if exists gyms cascade 
2026-07-26T14:20:05.288+05:30 DEBUG 27133 --- [gym-marketplace] [           main] org.hibernate.SQL                        : 
    drop table if exists notifications cascade 
Hibernate: 
    drop table if exists notifications cascade 
2026-07-26T14:20:05.289+05:30 DEBUG 27133 --- [gym-marketplace] [           main] org.hibernate.SQL                        : 
    drop table if exists payments cascade 
Hibernate: 
    drop table if exists payments cascade 
2026-07-26T14:20:05.289+05:30 DEBUG 27133 --- [gym-marketplace] [           main] org.hibernate.SQL                        : 
    drop table if exists reviews cascade 
Hibernate: 
    drop table if exists reviews cascade 
2026-07-26T14:20:05.290+05:30 DEBUG 27133 --- [gym-marketplace] [           main] org.hibernate.SQL                        : 
    drop table if exists settlement_ledgers cascade 
Hibernate: 
    drop table if exists settlement_ledgers cascade 
2026-07-26T14:20:05.290+05:30 DEBUG 27133 --- [gym-marketplace] [           main] org.hibernate.SQL                        : 
    drop table if exists user_favourites cascade 
Hibernate: 
    drop table if exists user_favourites cascade 
2026-07-26T14:20:05.290+05:30 DEBUG 27133 --- [gym-marketplace] [           main] org.hibernate.SQL                        : 
    drop table if exists user_profiles cascade 
Hibernate: 
    drop table if exists user_profiles cascade 
2026-07-26T14:20:05.291+05:30 DEBUG 27133 --- [gym-marketplace] [           main] org.hibernate.SQL                        : 
    drop table if exists users cascade 
Hibernate: 
    drop table if exists users cascade 
2026-07-26T14:20:05.291+05:30 DEBUG 27133 --- [gym-marketplace] [           main] org.hibernate.SQL                        : 
    drop table if exists wallet_ledgers cascade 
Hibernate: 
    drop table if exists wallet_ledgers cascade 
2026-07-26T14:20:05.291+05:30 DEBUG 27133 --- [gym-marketplace] [           main] org.hibernate.SQL                        : 
    drop table if exists wallets cascade 
Hibernate: 
    drop table if exists wallets cascade 
2026-07-26T14:20:05.297+05:30 DEBUG 27133 --- [gym-marketplace] [           main] org.hibernate.SQL                        : 
    create table audit_logs (
        deleted boolean not null,
        created_at timestamp(6) with time zone not null,
        deleted_at timestamp(6) with time zone,
        updated_at timestamp(6) with time zone not null,
        version bigint not null,
        id uuid not null,
        user_id uuid,
        created_by varchar(100),
        updated_by varchar(100),
        action varchar(255) not null,
        changes TEXT,
        entity_id varchar(255) not null,
        entity_name varchar(255) not null,
        primary key (id)
    )
Hibernate: 
    create table audit_logs (
        deleted boolean not null,
        created_at timestamp(6) with time zone not null,
        deleted_at timestamp(6) with time zone,
        updated_at timestamp(6) with time zone not null,
        version bigint not null,
        id uuid not null,
        user_id uuid,
        created_by varchar(100),
        updated_by varchar(100),
        action varchar(255) not null,
        changes TEXT,
        entity_id varchar(255) not null,
        entity_name varchar(255) not null,
        primary key (id)
    )
2026-07-26T14:20:05.304+05:30 DEBUG 27133 --- [gym-marketplace] [           main] org.hibernate.SQL                        : 
    create table bookings (
        amount numeric(38,2) not null,
        booking_date date not null,
        deleted boolean not null,
        entry_time time(6) not null,
        exit_time time(6),
        created_at timestamp(6) with time zone not null,
        deleted_at timestamp(6) with time zone,
        updated_at timestamp(6) with time zone not null,
        version bigint not null,
        gym_id uuid not null,
        id uuid not null,
        user_id uuid not null,
        created_by varchar(100),
        updated_by varchar(100),
        status varchar(255) not null check (status in ('PENDING','CONFIRMED','CANCELLED','COMPLETED')),
        primary key (id)
    )
Hibernate: 
    create table bookings (
        amount numeric(38,2) not null,
        booking_date date not null,
        deleted boolean not null,
        entry_time time(6) not null,
        exit_time time(6),
        created_at timestamp(6) with time zone not null,
        deleted_at timestamp(6) with time zone,
        updated_at timestamp(6) with time zone not null,
        version bigint not null,
        gym_id uuid not null,
        id uuid not null,
        user_id uuid not null,
        created_by varchar(100),
        updated_by varchar(100),
        status varchar(255) not null check (status in ('PENDING','CONFIRMED','CANCELLED','COMPLETED')),
        primary key (id)
    )
2026-07-26T14:20:05.311+05:30 DEBUG 27133 --- [gym-marketplace] [           main] org.hibernate.SQL                        : 
    create table check_ins (
        deleted boolean not null,
        check_in_time timestamp(6) not null,
        created_at timestamp(6) with time zone not null,
        deleted_at timestamp(6) with time zone,
        updated_at timestamp(6) with time zone not null,
        version bigint not null,
        booking_id uuid not null,
        gym_id uuid not null,
        id uuid not null,
        user_id uuid not null,
        created_by varchar(100),
        updated_by varchar(100),
        status varchar(255) not null,
        primary key (id)
    )
Hibernate: 
    create table check_ins (
        deleted boolean not null,
        check_in_time timestamp(6) not null,
        created_at timestamp(6) with time zone not null,
        deleted_at timestamp(6) with time zone,
        updated_at timestamp(6) with time zone not null,
        version bigint not null,
        booking_id uuid not null,
        gym_id uuid not null,
        id uuid not null,
        user_id uuid not null,
        created_by varchar(100),
        updated_by varchar(100),
        status varchar(255) not null,
        primary key (id)
    )
2026-07-26T14:20:05.315+05:30 DEBUG 27133 --- [gym-marketplace] [           main] org.hibernate.SQL                        : 
    create table gym_analytics (
        average_rating float(53),
        deleted boolean not null,
        total_earnings numeric(38,2) not null,
        created_at timestamp(6) with time zone not null,
        deleted_at timestamp(6) with time zone,
        total_check_ins bigint not null,
        total_reviews bigint not null,
        updated_at timestamp(6) with time zone not null,
        version bigint not null,
        gym_id uuid not null unique,
        id uuid not null,
        created_by varchar(100),
        updated_by varchar(100),
        primary key (id)
    )
Hibernate: 
    create table gym_analytics (
        average_rating float(53),
        deleted boolean not null,
        total_earnings numeric(38,2) not null,
        created_at timestamp(6) with time zone not null,
        deleted_at timestamp(6) with time zone,
        total_check_ins bigint not null,
        total_reviews bigint not null,
        updated_at timestamp(6) with time zone not null,
        version bigint not null,
        gym_id uuid not null unique,
        id uuid not null,
        created_by varchar(100),
        updated_by varchar(100),
        primary key (id)
    )
2026-07-26T14:20:05.318+05:30 DEBUG 27133 --- [gym-marketplace] [           main] org.hibernate.SQL                        : 
    create table gym_badges (
        deleted boolean not null,
        created_at timestamp(6) with time zone not null,
        deleted_at timestamp(6) with time zone,
        granted_at timestamp(6) with time zone not null,
        updated_at timestamp(6) with time zone not null,
        version bigint not null,
        gym_id uuid not null,
        id uuid not null,
        created_by varchar(100),
        updated_by varchar(100),
        badge_type varchar(255) not null,
        primary key (id)
    )
Hibernate: 
    create table gym_badges (
        deleted boolean not null,
        created_at timestamp(6) with time zone not null,
        deleted_at timestamp(6) with time zone,
        granted_at timestamp(6) with time zone not null,
        updated_at timestamp(6) with time zone not null,
        version bigint not null,
        gym_id uuid not null,
        id uuid not null,
        created_by varchar(100),
        updated_by varchar(100),
        badge_type varchar(255) not null,
        primary key (id)
    )
2026-07-26T14:20:05.320+05:30 DEBUG 27133 --- [gym-marketplace] [           main] org.hibernate.SQL                        : 
    create table gym_facilities (
        deleted boolean not null,
        created_at timestamp(6) with time zone not null,
        deleted_at timestamp(6) with time zone,
        updated_at timestamp(6) with time zone not null,
        version bigint not null,
        gym_id uuid not null,
        id uuid not null,
        created_by varchar(100),
        updated_by varchar(100),
        description varchar(255),
        facility_name varchar(255) not null,
        icon_name varchar(255),
        primary key (id)
    )
Hibernate: 
    create table gym_facilities (
        deleted boolean not null,
        created_at timestamp(6) with time zone not null,
        deleted_at timestamp(6) with time zone,
        updated_at timestamp(6) with time zone not null,
        version bigint not null,
        gym_id uuid not null,
        id uuid not null,
        created_by varchar(100),
        updated_by varchar(100),
        description varchar(255),
        facility_name varchar(255) not null,
        icon_name varchar(255),
        primary key (id)
    )
2026-07-26T14:20:05.322+05:30 DEBUG 27133 --- [gym-marketplace] [           main] org.hibernate.SQL                        : 
    create table gym_holidays (
        deleted boolean not null,
        holiday_date date not null,
        created_at timestamp(6) with time zone not null,
        deleted_at timestamp(6) with time zone,
        updated_at timestamp(6) with time zone not null,
        version bigint not null,
        gym_id uuid not null,
        id uuid not null,
        created_by varchar(100),
        updated_by varchar(100),
        reason varchar(255),
        primary key (id)
    )
Hibernate: 
    create table gym_holidays (
        deleted boolean not null,
        holiday_date date not null,
        created_at timestamp(6) with time zone not null,
        deleted_at timestamp(6) with time zone,
        updated_at timestamp(6) with time zone not null,
        version bigint not null,
        gym_id uuid not null,
        id uuid not null,
        created_by varchar(100),
        updated_by varchar(100),
        reason varchar(255),
        primary key (id)
    )
2026-07-26T14:20:05.324+05:30 DEBUG 27133 --- [gym-marketplace] [           main] org.hibernate.SQL                        : 
    create table gym_images (
        deleted boolean not null,
        display_order integer,
        is_cover boolean,
        created_at timestamp(6) with time zone not null,
        deleted_at timestamp(6) with time zone,
        updated_at timestamp(6) with time zone not null,
        version bigint not null,
        gym_id uuid not null,
        id uuid not null,
        created_by varchar(100),
        updated_by varchar(100),
        image_url TEXT not null,
        primary key (id)
    )
Hibernate: 
    create table gym_images (
        deleted boolean not null,
        display_order integer,
        is_cover boolean,
        created_at timestamp(6) with time zone not null,
        deleted_at timestamp(6) with time zone,
        updated_at timestamp(6) with time zone not null,
        version bigint not null,
        gym_id uuid not null,
        id uuid not null,
        created_by varchar(100),
        updated_by varchar(100),
        image_url TEXT not null,
        primary key (id)
    )
2026-07-26T14:20:05.328+05:30 DEBUG 27133 --- [gym-marketplace] [           main] org.hibernate.SQL                        : 
    create table gym_owner_profiles (
        deleted boolean not null,
        created_at timestamp(6) with time zone not null,
        deleted_at timestamp(6) with time zone,
        updated_at timestamp(6) with time zone not null,
        version bigint not null,
        id uuid not null,
        user_id uuid not null unique,
        created_by varchar(100),
        updated_by varchar(100),
        account_holder_name varchar(255),
        account_number varchar(255),
        bank_name varchar(255),
        business_name varchar(255) not null,
        gstin varchar(255),
        ifsc_code varchar(255),
        pan_number varchar(255),
        verification_status varchar(255) not null,
        primary key (id)
    )
Hibernate: 
    create table gym_owner_profiles (
        deleted boolean not null,
        created_at timestamp(6) with time zone not null,
        deleted_at timestamp(6) with time zone,
        updated_at timestamp(6) with time zone not null,
        version bigint not null,
        id uuid not null,
        user_id uuid not null unique,
        created_by varchar(100),
        updated_by varchar(100),
        account_holder_name varchar(255),
        account_number varchar(255),
        bank_name varchar(255),
        business_name varchar(255) not null,
        gstin varchar(255),
        ifsc_code varchar(255),
        pan_number varchar(255),
        verification_status varchar(255) not null,
        primary key (id)
    )
2026-07-26T14:20:05.330+05:30 DEBUG 27133 --- [gym-marketplace] [           main] org.hibernate.SQL                        : 
    create table gym_pricing (
        deleted boolean not null,
        discounted_price numeric(38,2) not null,
        is_active boolean,
        original_price numeric(38,2) not null,
        created_at timestamp(6) with time zone not null,
        deleted_at timestamp(6) with time zone,
        updated_at timestamp(6) with time zone not null,
        version bigint not null,
        gym_id uuid not null,
        id uuid not null,
        created_by varchar(100),
        updated_by varchar(100),
        pass_type varchar(255) not null check (pass_type in ('DAILY','WEEKLY','MONTHLY')),
        primary key (id)
    )
Hibernate: 
    create table gym_pricing (
        deleted boolean not null,
        discounted_price numeric(38,2) not null,
        is_active boolean,
        original_price numeric(38,2) not null,
        created_at timestamp(6) with time zone not null,
        deleted_at timestamp(6) with time zone,
        updated_at timestamp(6) with time zone not null,
        version bigint not null,
        gym_id uuid not null,
        id uuid not null,
        created_by varchar(100),
        updated_by varchar(100),
        pass_type varchar(255) not null check (pass_type in ('DAILY','WEEKLY','MONTHLY')),
        primary key (id)
    )
2026-07-26T14:20:05.333+05:30 DEBUG 27133 --- [gym-marketplace] [           main] org.hibernate.SQL                        : 
    create table gym_timings (
        close_time time(6) not null,
        deleted boolean not null,
        open_time time(6) not null,
        slot_capacity integer,
        created_at timestamp(6) with time zone not null,
        deleted_at timestamp(6) with time zone,
        updated_at timestamp(6) with time zone not null,
        version bigint not null,
        gym_id uuid not null,
        id uuid not null,
        created_by varchar(100),
        updated_by varchar(100),
        day_of_week varchar(255) not null,
        primary key (id)
    )
Hibernate: 
    create table gym_timings (
        close_time time(6) not null,
        deleted boolean not null,
        open_time time(6) not null,
        slot_capacity integer,
        created_at timestamp(6) with time zone not null,
        deleted_at timestamp(6) with time zone,
        updated_at timestamp(6) with time zone not null,
        version bigint not null,
        gym_id uuid not null,
        id uuid not null,
        created_by varchar(100),
        updated_by varchar(100),
        day_of_week varchar(255) not null,
        primary key (id)
    )
2026-07-26T14:20:05.335+05:30 DEBUG 27133 --- [gym-marketplace] [           main] org.hibernate.SQL                        : 
    create table gyms (
        commission_rate numeric(38,2),
        deleted boolean not null,
        latitude float(53) not null,
        longitude float(53) not null,
        rating_average numeric(38,2),
        rating_count integer,
        created_at timestamp(6) with time zone not null,
        deleted_at timestamp(6) with time zone,
        updated_at timestamp(6) with time zone not null,
        version bigint not null,
        id uuid not null,
        owner_id uuid not null,
        created_by varchar(100),
        updated_by varchar(100),
        address_line1 varchar(255) not null,
        address_line2 varchar(255),
        city varchar(255) not null,
        description TEXT,
        name varchar(255) not null,
        pincode varchar(255) not null,
        slug varchar(255) not null unique,
        state varchar(255) not null,
        status varchar(255) not null check (status in ('PENDING_APPROVAL','APPROVED','SUSPENDED')),
        primary key (id)
    )
Hibernate: 
    create table gyms (
        commission_rate numeric(38,2),
        deleted boolean not null,
        latitude float(53) not null,
        longitude float(53) not null,
        rating_average numeric(38,2),
        rating_count integer,
        created_at timestamp(6) with time zone not null,
        deleted_at timestamp(6) with time zone,
        updated_at timestamp(6) with time zone not null,
        version bigint not null,
        id uuid not null,
        owner_id uuid not null,
        created_by varchar(100),
        updated_by varchar(100),
        address_line1 varchar(255) not null,
        address_line2 varchar(255),
        city varchar(255) not null,
        description TEXT,
        name varchar(255) not null,
        pincode varchar(255) not null,
        slug varchar(255) not null unique,
        state varchar(255) not null,
        status varchar(255) not null check (status in ('PENDING_APPROVAL','APPROVED','SUSPENDED')),
        primary key (id)
    )
2026-07-26T14:20:05.337+05:30 DEBUG 27133 --- [gym-marketplace] [           main] org.hibernate.SQL                        : 
    create table notifications (
        deleted boolean not null,
        is_read boolean not null,
        created_at timestamp(6) with time zone not null,
        deleted_at timestamp(6) with time zone,
        updated_at timestamp(6) with time zone not null,
        version bigint not null,
        id uuid not null,
        user_id uuid not null,
        created_by varchar(100),
        updated_by varchar(100),
        message varchar(255) not null,
        title varchar(255) not null,
        type varchar(255),
        primary key (id)
    )
Hibernate: 
    create table notifications (
        deleted boolean not null,
        is_read boolean not null,
        created_at timestamp(6) with time zone not null,
        deleted_at timestamp(6) with time zone,
        updated_at timestamp(6) with time zone not null,
        version bigint not null,
        id uuid not null,
        user_id uuid not null,
        created_by varchar(100),
        updated_by varchar(100),
        message varchar(255) not null,
        title varchar(255) not null,
        type varchar(255),
        primary key (id)
    )
2026-07-26T14:20:05.339+05:30 DEBUG 27133 --- [gym-marketplace] [           main] org.hibernate.SQL                        : 
    create table payments (
        amount numeric(38,2) not null,
        deleted boolean not null,
        created_at timestamp(6) with time zone not null,
        deleted_at timestamp(6) with time zone,
        updated_at timestamp(6) with time zone not null,
        version bigint not null,
        id uuid not null,
        user_id uuid not null,
        created_by varchar(100),
        updated_by varchar(100),
        currency varchar(255) not null,
        razorpay_order_id varchar(255) not null unique,
        razorpay_payment_id varchar(255),
        razorpay_signature varchar(255),
        status varchar(255) not null check (status in ('CREATED','SUCCESS','FAILED','REFUNDED')),
        primary key (id)
    )
Hibernate: 
    create table payments (
        amount numeric(38,2) not null,
        deleted boolean not null,
        created_at timestamp(6) with time zone not null,
        deleted_at timestamp(6) with time zone,
        updated_at timestamp(6) with time zone not null,
        version bigint not null,
        id uuid not null,
        user_id uuid not null,
        created_by varchar(100),
        updated_by varchar(100),
        currency varchar(255) not null,
        razorpay_order_id varchar(255) not null unique,
        razorpay_payment_id varchar(255),
        razorpay_signature varchar(255),
        status varchar(255) not null check (status in ('CREATED','SUCCESS','FAILED','REFUNDED')),
        primary key (id)
    )
2026-07-26T14:20:05.341+05:30 DEBUG 27133 --- [gym-marketplace] [           main] org.hibernate.SQL                        : 
    create table reviews (
        deleted boolean not null,
        rating integer not null,
        created_at timestamp(6) with time zone not null,
        deleted_at timestamp(6) with time zone,
        updated_at timestamp(6) with time zone not null,
        version bigint not null,
        gym_id uuid not null,
        id uuid not null,
        user_id uuid not null,
        created_by varchar(100),
        updated_by varchar(100),
        comment varchar(1000),
        primary key (id)
    )
Hibernate: 
    create table reviews (
        deleted boolean not null,
        rating integer not null,
        created_at timestamp(6) with time zone not null,
        deleted_at timestamp(6) with time zone,
        updated_at timestamp(6) with time zone not null,
        version bigint not null,
        gym_id uuid not null,
        id uuid not null,
        user_id uuid not null,
        created_by varchar(100),
        updated_by varchar(100),
        comment varchar(1000),
        primary key (id)
    )
2026-07-26T14:20:05.343+05:30 DEBUG 27133 --- [gym-marketplace] [           main] org.hibernate.SQL                        : 
    create table settlement_ledgers (
        booking_amount numeric(38,2) not null,
        deleted boolean not null,
        net_amount numeric(38,2) not null,
        platform_fee numeric(38,2) not null,
        created_at timestamp(6) with time zone not null,
        deleted_at timestamp(6) with time zone,
        updated_at timestamp(6) with time zone not null,
        version bigint not null,
        booking_id uuid not null,
        check_in_id uuid not null,
        gym_id uuid not null,
        gym_owner_id uuid not null,
        id uuid not null,
        created_by varchar(100),
        updated_by varchar(100),
        payout_reference varchar(255),
        status varchar(255) not null,
        primary key (id)
    )
Hibernate: 
    create table settlement_ledgers (
        booking_amount numeric(38,2) not null,
        deleted boolean not null,
        net_amount numeric(38,2) not null,
        platform_fee numeric(38,2) not null,
        created_at timestamp(6) with time zone not null,
        deleted_at timestamp(6) with time zone,
        updated_at timestamp(6) with time zone not null,
        version bigint not null,
        booking_id uuid not null,
        check_in_id uuid not null,
        gym_id uuid not null,
        gym_owner_id uuid not null,
        id uuid not null,
        created_by varchar(100),
        updated_by varchar(100),
        payout_reference varchar(255),
        status varchar(255) not null,
        primary key (id)
    )
2026-07-26T14:20:05.346+05:30 DEBUG 27133 --- [gym-marketplace] [           main] org.hibernate.SQL                        : 
    create table user_favourites (
        deleted boolean not null,
        created_at timestamp(6) with time zone not null,
        deleted_at timestamp(6) with time zone,
        updated_at timestamp(6) with time zone not null,
        version bigint not null,
        gym_id uuid not null,
        id uuid not null,
        user_id uuid not null,
        created_by varchar(100),
        updated_by varchar(100),
        primary key (id),
        constraint uk_user_gym_favourite unique (user_id, gym_id)
    )
Hibernate: 
    create table user_favourites (
        deleted boolean not null,
        created_at timestamp(6) with time zone not null,
        deleted_at timestamp(6) with time zone,
        updated_at timestamp(6) with time zone not null,
        version bigint not null,
        gym_id uuid not null,
        id uuid not null,
        user_id uuid not null,
        created_by varchar(100),
        updated_by varchar(100),
        primary key (id),
        constraint uk_user_gym_favourite unique (user_id, gym_id)
    )
2026-07-26T14:20:05.348+05:30 DEBUG 27133 --- [gym-marketplace] [           main] org.hibernate.SQL                        : 
    create table user_profiles (
        date_of_birth date,
        deleted boolean not null,
        created_at timestamp(6) with time zone not null,
        deleted_at timestamp(6) with time zone,
        updated_at timestamp(6) with time zone not null,
        version bigint not null,
        id uuid not null,
        user_id uuid not null unique,
        created_by varchar(100),
        updated_by varchar(100),
        emergency_contact_phone varchar(255),
        first_name varchar(255) not null,
        gender varchar(255),
        last_name varchar(255) not null,
        profile_picture_url varchar(255),
        primary key (id)
    )
Hibernate: 
    create table user_profiles (
        date_of_birth date,
        deleted boolean not null,
        created_at timestamp(6) with time zone not null,
        deleted_at timestamp(6) with time zone,
        updated_at timestamp(6) with time zone not null,
        version bigint not null,
        id uuid not null,
        user_id uuid not null unique,
        created_by varchar(100),
        updated_by varchar(100),
        emergency_contact_phone varchar(255),
        first_name varchar(255) not null,
        gender varchar(255),
        last_name varchar(255) not null,
        profile_picture_url varchar(255),
        primary key (id)
    )
2026-07-26T14:20:05.350+05:30 DEBUG 27133 --- [gym-marketplace] [           main] org.hibernate.SQL                        : 
    create table users (
        deleted boolean not null,
        email_verified boolean,
        phone_verified boolean,
        created_at timestamp(6) with time zone not null,
        deleted_at timestamp(6) with time zone,
        updated_at timestamp(6) with time zone not null,
        version bigint not null,
        id uuid not null,
        created_by varchar(100),
        updated_by varchar(100),
        email varchar(255) not null unique,
        password_hash varchar(255) not null,
        phone_number varchar(255) not null unique,
        role varchar(255) not null check (role in ('ROLE_USER','ROLE_GYM_OWNER','ROLE_ADMIN')),
        status varchar(255) not null,
        primary key (id)
    )
Hibernate: 
    create table users (
        deleted boolean not null,
        email_verified boolean,
        phone_verified boolean,
        created_at timestamp(6) with time zone not null,
        deleted_at timestamp(6) with time zone,
        updated_at timestamp(6) with time zone not null,
        version bigint not null,
        id uuid not null,
        created_by varchar(100),
        updated_by varchar(100),
        email varchar(255) not null unique,
        password_hash varchar(255) not null,
        phone_number varchar(255) not null unique,
        role varchar(255) not null check (role in ('ROLE_USER','ROLE_GYM_OWNER','ROLE_ADMIN')),
        status varchar(255) not null,
        primary key (id)
    )
2026-07-26T14:20:05.352+05:30 DEBUG 27133 --- [gym-marketplace] [           main] org.hibernate.SQL                        : 
    create table wallet_ledgers (
        amount numeric(38,2) not null,
        balance_after numeric(38,2) not null,
        deleted boolean not null,
        created_at timestamp(6) with time zone not null,
        deleted_at timestamp(6) with time zone,
        updated_at timestamp(6) with time zone not null,
        version bigint not null,
        id uuid not null,
        wallet_id uuid not null,
        created_by varchar(100),
        updated_by varchar(100),
        category varchar(255) not null,
        description TEXT,
        reference_id varchar(255),
        type varchar(255) not null,
        primary key (id)
    )
Hibernate: 
    create table wallet_ledgers (
        amount numeric(38,2) not null,
        balance_after numeric(38,2) not null,
        deleted boolean not null,
        created_at timestamp(6) with time zone not null,
        deleted_at timestamp(6) with time zone,
        updated_at timestamp(6) with time zone not null,
        version bigint not null,
        id uuid not null,
        wallet_id uuid not null,
        created_by varchar(100),
        updated_by varchar(100),
        category varchar(255) not null,
        description TEXT,
        reference_id varchar(255),
        type varchar(255) not null,
        primary key (id)
    )
2026-07-26T14:20:05.354+05:30 DEBUG 27133 --- [gym-marketplace] [           main] org.hibernate.SQL                        : 
    create table wallets (
        balance numeric(38,2) not null,
        deleted boolean not null,
        created_at timestamp(6) with time zone not null,
        deleted_at timestamp(6) with time zone,
        updated_at timestamp(6) with time zone not null,
        version bigint not null,
        id uuid not null,
        user_id uuid not null unique,
        created_by varchar(100),
        updated_by varchar(100),
        currency varchar(255) not null,
        status varchar(255) not null,
        primary key (id)
    )
Hibernate: 
    create table wallets (
        balance numeric(38,2) not null,
        deleted boolean not null,
        created_at timestamp(6) with time zone not null,
        deleted_at timestamp(6) with time zone,
        updated_at timestamp(6) with time zone not null,
        version bigint not null,
        id uuid not null,
        user_id uuid not null unique,
        created_by varchar(100),
        updated_by varchar(100),
        currency varchar(255) not null,
        status varchar(255) not null,
        primary key (id)
    )
2026-07-26T14:20:05.361+05:30  INFO 27133 --- [gym-marketplace] [           main] j.LocalContainerEntityManagerFactoryBean : Initialized JPA EntityManagerFactory for persistence unit 'default'
2026-07-26T14:20:05.803+05:30  INFO 27133 --- [gym-marketplace] [           main] o.s.d.j.r.query.QueryEnhancerFactory     : Hibernate is in classpath; If applicable, HQL parser will be used.
2026-07-26T14:20:07.286+05:30  WARN 27133 --- [gym-marketplace] [           main] JpaBaseConfiguration$JpaWebConfiguration : spring.jpa.open-in-view is enabled by default. Therefore, database queries may be performed during view rendering. Explicitly configure spring.jpa.open-in-view to disable this warning
2026-07-26T14:20:07.695+05:30 DEBUG 27133 --- [gym-marketplace] [           main] s.w.s.m.m.a.RequestMappingHandlerMapping : 66 mappings in 'requestMappingHandlerMapping'
2026-07-26T14:20:07.951+05:30 DEBUG 27133 --- [gym-marketplace] [           main] o.s.w.s.handler.SimpleUrlHandlerMapping  : Patterns [/webjars/**, /**, /swagger-ui*/*swagger-initializer.js, /swagger-ui*/**] in 'resourceHandlerMapping'
2026-07-26T14:20:08.166+05:30  INFO 27133 --- [gym-marketplace] [           main] o.s.b.a.e.web.EndpointLinksResolver      : Exposing 3 endpoint(s) beneath base path '/actuator'
2026-07-26T14:20:08.257+05:30  INFO 27133 --- [gym-marketplace] [           main] o.s.s.web.DefaultSecurityFilterChain     : Will secure any request with [org.springframework.security.web.session.DisableEncodeUrlFilter@1e0630cc, org.springframework.security.web.context.request.async.WebAsyncManagerIntegrationFilter@29ad358c, org.springframework.security.web.context.SecurityContextHolderFilter@3bc079f1, org.springframework.security.web.header.HeaderWriterFilter@1eb85e83, org.springframework.web.filter.CorsFilter@fd42b93, org.springframework.security.web.authentication.logout.LogoutFilter@1aed9d7d, com.gymnetwork.auth.security.JwtAuthenticationFilter@10e7ade5, org.springframework.security.web.savedrequest.RequestCacheAwareFilter@da1382f, org.springframework.security.web.servletapi.SecurityContextHolderAwareRequestFilter@3002acf9, org.springframework.security.web.authentication.AnonymousAuthenticationFilter@6639a9f0, org.springframework.security.web.session.SessionManagementFilter@369ad283, org.springframework.security.web.access.ExceptionTranslationFilter@5ef1fe1b, org.springframework.security.web.access.intercept.AuthorizationFilter@5c2900ed]
2026-07-26T14:20:08.563+05:30 DEBUG 27133 --- [gym-marketplace] [           main] s.w.s.m.m.a.RequestMappingHandlerAdapter : ControllerAdvice beans: 0 @ModelAttribute, 0 @InitBinder, 1 RequestBodyAdvice, 1 ResponseBodyAdvice
2026-07-26T14:20:08.603+05:30 DEBUG 27133 --- [gym-marketplace] [           main] .m.m.a.ExceptionHandlerExceptionResolver : ControllerAdvice beans: 2 @ExceptionHandler, 1 ResponseBodyAdvice
2026-07-26T14:20:09.371+05:30 DEBUG 27133 --- [gym-marketplace] [           main] .s.b.a.l.ConditionEvaluationReportLogger : 


============================
CONDITIONS EVALUATION REPORT
============================


Positive matches:
-----------------

   AopAutoConfiguration matched:
      - @ConditionalOnProperty (spring.aop.auto=true) matched (OnPropertyCondition)

   AopAutoConfiguration.AspectJAutoProxyingConfiguration matched:
      - @ConditionalOnClass found required class 'org.aspectj.weaver.Advice' (OnClassCondition)

   AopAutoConfiguration.AspectJAutoProxyingConfiguration.CglibAutoProxyConfiguration matched:
      - @ConditionalOnProperty (spring.aop.proxy-target-class=true) matched (OnPropertyCondition)

   ApplicationAvailabilityAutoConfiguration#applicationAvailability matched:
      - @ConditionalOnMissingBean (types: org.springframework.boot.availability.ApplicationAvailability; SearchStrategy: all) did not find any beans (OnBeanCondition)

   CacheMeterBinderProvidersConfiguration matched:
      - @ConditionalOnClass found required class 'io.micrometer.core.instrument.binder.MeterBinder' (OnClassCondition)

   CacheMeterBinderProvidersConfiguration.RedisCacheMeterBinderProviderConfiguration matched:
      - @ConditionalOnClass found required class 'org.springframework.data.redis.cache.RedisCache' (OnClassCondition)

   CompositeMeterRegistryAutoConfiguration matched:
      - @ConditionalOnClass found required class 'io.micrometer.core.instrument.composite.CompositeMeterRegistry' (OnClassCondition)

   DataSourceAutoConfiguration matched:
      - @ConditionalOnClass found required classes 'javax.sql.DataSource', 'org.springframework.jdbc.datasource.embedded.EmbeddedDatabaseType' (OnClassCondition)
      - @ConditionalOnMissingBean (types: io.r2dbc.spi.ConnectionFactory; SearchStrategy: all) did not find any beans (OnBeanCondition)

   DataSourceAutoConfiguration.PooledDataSourceConfiguration matched:
      - AnyNestedCondition 1 matched 1 did not; NestedCondition on DataSourceAutoConfiguration.PooledDataSourceCondition.PooledDataSourceAvailable PooledDataSource found supported DataSource; NestedCondition on DataSourceAutoConfiguration.PooledDataSourceCondition.ExplicitType @ConditionalOnProperty (spring.datasource.type) did not find property 'type' (DataSourceAutoConfiguration.PooledDataSourceCondition)
      - @ConditionalOnMissingBean (types: javax.sql.DataSource,javax.sql.XADataSource; SearchStrategy: all) did not find any beans (OnBeanCondition)

   DataSourceAutoConfiguration.PooledDataSourceConfiguration#jdbcConnectionDetails matched:
      - @ConditionalOnMissingBean (types: org.springframework.boot.autoconfigure.jdbc.JdbcConnectionDetails; SearchStrategy: all) did not find any beans (OnBeanCondition)

   DataSourceConfiguration.Hikari matched:
      - @ConditionalOnClass found required class 'com.zaxxer.hikari.HikariDataSource' (OnClassCondition)
      - @ConditionalOnProperty (spring.datasource.type=com.zaxxer.hikari.HikariDataSource) matched (OnPropertyCondition)
      - @ConditionalOnMissingBean (types: javax.sql.DataSource; SearchStrategy: all) did not find any beans (OnBeanCondition)

   DataSourceHealthContributorAutoConfiguration matched:
      - @ConditionalOnClass found required classes 'org.springframework.jdbc.core.JdbcTemplate', 'org.springframework.jdbc.datasource.lookup.AbstractRoutingDataSource' (OnClassCondition)
      - @ConditionalOnEnabledHealthIndicator management.health.defaults.enabled is considered true (OnEnabledHealthIndicatorCondition)
      - @ConditionalOnBean (types: javax.sql.DataSource; SearchStrategy: all) found bean 'dataSource' (OnBeanCondition)

   DataSourceHealthContributorAutoConfiguration#dbHealthContributor matched:
      - @ConditionalOnMissingBean (names: dbHealthIndicator,dbHealthContributor; SearchStrategy: all) did not find any beans (OnBeanCondition)

   DataSourceInitializationConfiguration matched:
      - @ConditionalOnClass found required class 'org.springframework.jdbc.datasource.init.DatabasePopulator' (OnClassCondition)
      - @ConditionalOnSingleCandidate (types: javax.sql.DataSource; SearchStrategy: all) found a single bean 'dataSource'; @ConditionalOnMissingBean (types: org.springframework.boot.autoconfigure.sql.init.SqlDataSourceScriptDatabaseInitializer,org.springframework.boot.autoconfigure.sql.init.SqlR2dbcScriptDatabaseInitializer; SearchStrategy: all) did not find any beans (OnBeanCondition)

   DataSourcePoolMetadataProvidersConfiguration.HikariPoolDataSourceMetadataProviderConfiguration matched:
      - @ConditionalOnClass found required class 'com.zaxxer.hikari.HikariDataSource' (OnClassCondition)

   DataSourcePoolMetricsAutoConfiguration matched:
      - @ConditionalOnClass found required classes 'javax.sql.DataSource', 'io.micrometer.core.instrument.MeterRegistry' (OnClassCondition)
      - @ConditionalOnBean (types: javax.sql.DataSource,io.micrometer.core.instrument.MeterRegistry; SearchStrategy: all) found beans 'simpleMeterRegistry', 'dataSource' (OnBeanCondition)

   DataSourcePoolMetricsAutoConfiguration.DataSourcePoolMetadataMetricsConfiguration matched:
      - @ConditionalOnBean (types: org.springframework.boot.jdbc.metadata.DataSourcePoolMetadataProvider; SearchStrategy: all) found bean 'hikariPoolDataSourceMetadataProvider' (OnBeanCondition)

   DataSourcePoolMetricsAutoConfiguration.HikariDataSourceMetricsConfiguration matched:
      - @ConditionalOnClass found required class 'com.zaxxer.hikari.HikariDataSource' (OnClassCondition)

   DataSourceTransactionManagerAutoConfiguration matched:
      - @ConditionalOnClass found required classes 'org.springframework.jdbc.core.JdbcTemplate', 'org.springframework.transaction.TransactionManager' (OnClassCondition)

   DataSourceTransactionManagerAutoConfiguration.JdbcTransactionManagerConfiguration matched:
      - @ConditionalOnSingleCandidate (types: javax.sql.DataSource; SearchStrategy: all) found a single bean 'dataSource' (OnBeanCondition)

   DiskSpaceHealthContributorAutoConfiguration matched:
      - @ConditionalOnEnabledHealthIndicator management.health.defaults.enabled is considered true (OnEnabledHealthIndicatorCondition)

   DiskSpaceHealthContributorAutoConfiguration#diskSpaceHealthIndicator matched:
      - @ConditionalOnMissingBean (names: diskSpaceHealthIndicator; SearchStrategy: all) did not find any beans (OnBeanCondition)

   DispatcherServletAutoConfiguration matched:
      - @ConditionalOnClass found required class 'org.springframework.web.servlet.DispatcherServlet' (OnClassCondition)
      - found 'session' scope (OnWebApplicationCondition)

   DispatcherServletAutoConfiguration.DispatcherServletConfiguration matched:
      - @ConditionalOnClass found required class 'jakarta.servlet.ServletRegistration' (OnClassCondition)
      - Default DispatcherServlet did not find dispatcher servlet beans (DispatcherServletAutoConfiguration.DefaultDispatcherServletCondition)

   DispatcherServletAutoConfiguration.DispatcherServletRegistrationConfiguration matched:
      - @ConditionalOnClass found required class 'jakarta.servlet.ServletRegistration' (OnClassCondition)
      - DispatcherServlet Registration did not find servlet registration bean (DispatcherServletAutoConfiguration.DispatcherServletRegistrationCondition)

   DispatcherServletAutoConfiguration.DispatcherServletRegistrationConfiguration#dispatcherServletRegistration matched:
      - @ConditionalOnBean (names: dispatcherServlet types: org.springframework.web.servlet.DispatcherServlet; SearchStrategy: all) found bean 'dispatcherServlet' (OnBeanCondition)

   EndpointAutoConfiguration#endpointCachingOperationInvokerAdvisor matched:
      - @ConditionalOnMissingBean (types: org.springframework.boot.actuate.endpoint.invoker.cache.CachingOperationInvokerAdvisor; SearchStrategy: all) did not find any beans (OnBeanCondition)

   EndpointAutoConfiguration#endpointOperationParameterMapper matched:
      - @ConditionalOnMissingBean (types: org.springframework.boot.actuate.endpoint.invoke.ParameterValueMapper; SearchStrategy: all) did not find any beans (OnBeanCondition)

   ErrorMvcAutoConfiguration matched:
      - @ConditionalOnClass found required classes 'jakarta.servlet.Servlet', 'org.springframework.web.servlet.DispatcherServlet' (OnClassCondition)
      - found 'session' scope (OnWebApplicationCondition)

   ErrorMvcAutoConfiguration#basicErrorController matched:
      - @ConditionalOnMissingBean (types: org.springframework.boot.web.servlet.error.ErrorController; SearchStrategy: current) did not find any beans (OnBeanCondition)

   ErrorMvcAutoConfiguration#errorAttributes matched:
      - @ConditionalOnMissingBean (types: org.springframework.boot.web.servlet.error.ErrorAttributes; SearchStrategy: current) did not find any beans (OnBeanCondition)

   ErrorMvcAutoConfiguration.DefaultErrorViewResolverConfiguration#conventionErrorViewResolver matched:
      - @ConditionalOnBean (types: org.springframework.web.servlet.DispatcherServlet; SearchStrategy: all) found bean 'dispatcherServlet'; @ConditionalOnMissingBean (types: org.springframework.boot.autoconfigure.web.servlet.error.ErrorViewResolver; SearchStrategy: all) did not find any beans (OnBeanCondition)

   ErrorMvcAutoConfiguration.WhitelabelErrorViewConfiguration matched:
      - @ConditionalOnProperty (server.error.whitelabel.enabled) matched (OnPropertyCondition)
      - ErrorTemplate Missing did not find error template view (ErrorMvcAutoConfiguration.ErrorTemplateMissingCondition)

   ErrorMvcAutoConfiguration.WhitelabelErrorViewConfiguration#beanNameViewResolver matched:
      - @ConditionalOnMissingBean (types: org.springframework.web.servlet.view.BeanNameViewResolver; SearchStrategy: all) did not find any beans (OnBeanCondition)

   ErrorMvcAutoConfiguration.WhitelabelErrorViewConfiguration#defaultErrorView matched:
      - @ConditionalOnMissingBean (names: error; SearchStrategy: all) did not find any beans (OnBeanCondition)

   GenericCacheConfiguration matched:
      - Cache org.springframework.boot.autoconfigure.cache.GenericCacheConfiguration automatic cache type (CacheCondition)

   GsonAutoConfiguration matched:
      - @ConditionalOnClass found required class 'com.google.gson.Gson' (OnClassCondition)

   GsonAutoConfiguration#gson matched:
      - @ConditionalOnMissingBean (types: com.google.gson.Gson; SearchStrategy: all) did not find any beans (OnBeanCondition)

   GsonAutoConfiguration#gsonBuilder matched:
      - @ConditionalOnMissingBean (types: com.google.gson.GsonBuilder; SearchStrategy: all) did not find any beans (OnBeanCondition)

   GsonHttpMessageConvertersConfiguration matched:
      - @ConditionalOnClass found required class 'com.google.gson.Gson' (OnClassCondition)

   HealthContributorAutoConfiguration#pingHealthContributor matched:
      - @ConditionalOnEnabledHealthIndicator management.health.defaults.enabled is considered true (OnEnabledHealthIndicatorCondition)

   HealthEndpointAutoConfiguration matched:
      - @ConditionalOnAvailableEndpoint marked as exposed by a 'management.endpoints.web.exposure' property (OnAvailableEndpointCondition)

   HealthEndpointConfiguration#healthContributorRegistry matched:
      - @ConditionalOnMissingBean (types: org.springframework.boot.actuate.health.HealthContributorRegistry; SearchStrategy: all) did not find any beans (OnBeanCondition)

   HealthEndpointConfiguration#healthEndpoint matched:
      - @ConditionalOnMissingBean (types: org.springframework.boot.actuate.health.HealthEndpoint; SearchStrategy: all) did not find any beans (OnBeanCondition)

   HealthEndpointConfiguration#healthEndpointGroupMembershipValidator matched:
      - @ConditionalOnProperty (management.endpoint.health.validate-group-membership=true) matched (OnPropertyCondition)

   HealthEndpointConfiguration#healthEndpointGroups matched:
      - @ConditionalOnMissingBean (types: org.springframework.boot.actuate.health.HealthEndpointGroups; SearchStrategy: all) did not find any beans (OnBeanCondition)

   HealthEndpointConfiguration#healthHttpCodeStatusMapper matched:
      - @ConditionalOnMissingBean (types: org.springframework.boot.actuate.health.HttpCodeStatusMapper; SearchStrategy: all) did not find any beans (OnBeanCondition)

   HealthEndpointConfiguration#healthStatusAggregator matched:
      - @ConditionalOnMissingBean (types: org.springframework.boot.actuate.health.StatusAggregator; SearchStrategy: all) did not find any beans (OnBeanCondition)

   HealthEndpointWebExtensionConfiguration matched:
      - found 'session' scope (OnWebApplicationCondition)
      - @ConditionalOnAvailableEndpoint marked as exposed by a 'management.endpoints.web.exposure' property (OnAvailableEndpointCondition)
      - @ConditionalOnBean (types: org.springframework.boot.actuate.health.HealthEndpoint; SearchStrategy: all) found bean 'healthEndpoint' (OnBeanCondition)

   HealthEndpointWebExtensionConfiguration#healthEndpointWebExtension matched:
      - @ConditionalOnMissingBean (types: org.springframework.boot.actuate.health.HealthEndpointWebExtension; SearchStrategy: all) did not find any beans (OnBeanCondition)

   HealthEndpointWebExtensionConfiguration.MvcAdditionalHealthEndpointPathsConfiguration matched:
      - @ConditionalOnAvailableEndpoint marked as exposed by a 'management.endpoints.web.exposure' property (OnAvailableEndpointCondition)
      - @ConditionalOnBean (types: org.springframework.web.servlet.DispatcherServlet; SearchStrategy: all) found bean 'dispatcherServlet' (OnBeanCondition)

   HibernateJpaAutoConfiguration matched:
      - @ConditionalOnClass found required classes 'org.springframework.orm.jpa.LocalContainerEntityManagerFactoryBean', 'jakarta.persistence.EntityManager', 'org.hibernate.engine.spi.SessionImplementor' (OnClassCondition)

   HibernateJpaConfiguration matched:
      - @ConditionalOnSingleCandidate (types: javax.sql.DataSource; SearchStrategy: all) found a single bean 'dataSource' (OnBeanCondition)

   HttpClientObservationsAutoConfiguration matched:
      - @ConditionalOnClass found required class 'io.micrometer.observation.Observation' (OnClassCondition)
      - @ConditionalOnBean (types: io.micrometer.observation.ObservationRegistry; SearchStrategy: all) found bean 'observationRegistry' (OnBeanCondition)

   HttpClientObservationsAutoConfiguration.MeterFilterConfiguration matched:
      - @ConditionalOnClass found required class 'io.micrometer.core.instrument.MeterRegistry' (OnClassCondition)
      - @ConditionalOnBean (types: io.micrometer.core.instrument.MeterRegistry; SearchStrategy: all) found bean 'simpleMeterRegistry' (OnBeanCondition)

   HttpEncodingAutoConfiguration matched:
      - @ConditionalOnClass found required class 'org.springframework.web.filter.CharacterEncodingFilter' (OnClassCondition)
      - found 'session' scope (OnWebApplicationCondition)
      - @ConditionalOnProperty (server.servlet.encoding.enabled) matched (OnPropertyCondition)

   HttpEncodingAutoConfiguration#characterEncodingFilter matched:
      - @ConditionalOnMissingBean (types: org.springframework.web.filter.CharacterEncodingFilter; SearchStrategy: all) did not find any beans (OnBeanCondition)

   HttpMessageConvertersAutoConfiguration matched:
      - @ConditionalOnClass found required class 'org.springframework.http.converter.HttpMessageConverter' (OnClassCondition)
      - NoneNestedConditions 0 matched 1 did not; NestedCondition on HttpMessageConvertersAutoConfiguration.NotReactiveWebApplicationCondition.ReactiveWebApplication did not find reactive web application classes (HttpMessageConvertersAutoConfiguration.NotReactiveWebApplicationCondition)

   HttpMessageConvertersAutoConfiguration#messageConverters matched:
      - @ConditionalOnMissingBean (types: org.springframework.boot.autoconfigure.http.HttpMessageConverters; SearchStrategy: all) did not find any beans (OnBeanCondition)

   HttpMessageConvertersAutoConfiguration.StringHttpMessageConverterConfiguration matched:
      - @ConditionalOnClass found required class 'org.springframework.http.converter.StringHttpMessageConverter' (OnClassCondition)

   HttpMessageConvertersAutoConfiguration.StringHttpMessageConverterConfiguration#stringHttpMessageConverter matched:
      - @ConditionalOnMissingBean (types: org.springframework.http.converter.StringHttpMessageConverter; SearchStrategy: all) did not find any beans (OnBeanCondition)

   InfoEndpointAutoConfiguration matched:
      - @ConditionalOnAvailableEndpoint marked as exposed by a 'management.endpoints.web.exposure' property (OnAvailableEndpointCondition)

   InfoEndpointAutoConfiguration#infoEndpoint matched:
      - @ConditionalOnMissingBean (types: org.springframework.boot.actuate.info.InfoEndpoint; SearchStrategy: all) did not find any beans (OnBeanCondition)

   JacksonAutoConfiguration matched:
      - @ConditionalOnClass found required class 'com.fasterxml.jackson.databind.ObjectMapper' (OnClassCondition)

   JacksonAutoConfiguration.Jackson2ObjectMapperBuilderCustomizerConfiguration matched:
      - @ConditionalOnClass found required class 'org.springframework.http.converter.json.Jackson2ObjectMapperBuilder' (OnClassCondition)

   JacksonAutoConfiguration.JacksonObjectMapperBuilderConfiguration matched:
      - @ConditionalOnClass found required class 'org.springframework.http.converter.json.Jackson2ObjectMapperBuilder' (OnClassCondition)

   JacksonAutoConfiguration.JacksonObjectMapperBuilderConfiguration#jacksonObjectMapperBuilder matched:
      - @ConditionalOnMissingBean (types: org.springframework.http.converter.json.Jackson2ObjectMapperBuilder; SearchStrategy: all) did not find any beans (OnBeanCondition)

   JacksonAutoConfiguration.JacksonObjectMapperConfiguration matched:
      - @ConditionalOnClass found required class 'org.springframework.http.converter.json.Jackson2ObjectMapperBuilder' (OnClassCondition)

   JacksonAutoConfiguration.JacksonObjectMapperConfiguration#jacksonObjectMapper matched:
      - @ConditionalOnMissingBean (types: com.fasterxml.jackson.databind.ObjectMapper; SearchStrategy: all) did not find any beans (OnBeanCondition)

   JacksonAutoConfiguration.ParameterNamesModuleConfiguration matched:
      - @ConditionalOnClass found required class 'com.fasterxml.jackson.module.paramnames.ParameterNamesModule' (OnClassCondition)

   JacksonAutoConfiguration.ParameterNamesModuleConfiguration#parameterNamesModule matched:
      - @ConditionalOnMissingBean (types: com.fasterxml.jackson.module.paramnames.ParameterNamesModule; SearchStrategy: all) did not find any beans (OnBeanCondition)

   JacksonEndpointAutoConfiguration#endpointObjectMapper matched:
      - @ConditionalOnClass found required classes 'com.fasterxml.jackson.databind.ObjectMapper', 'org.springframework.http.converter.json.Jackson2ObjectMapperBuilder' (OnClassCondition)
      - @ConditionalOnProperty (management.endpoints.jackson.isolated-object-mapper) matched (OnPropertyCondition)

   JacksonHttpMessageConvertersConfiguration.MappingJackson2HttpMessageConverterConfiguration matched:
      - @ConditionalOnClass found required class 'com.fasterxml.jackson.databind.ObjectMapper' (OnClassCondition)
      - @ConditionalOnProperty (spring.mvc.converters.preferred-json-mapper=jackson) matched (OnPropertyCondition)
      - @ConditionalOnBean (types: com.fasterxml.jackson.databind.ObjectMapper; SearchStrategy: all) found bean 'jacksonObjectMapper' (OnBeanCondition)

   JacksonHttpMessageConvertersConfiguration.MappingJackson2HttpMessageConverterConfiguration#mappingJackson2HttpMessageConverter matched:
      - @ConditionalOnMissingBean (types: org.springframework.http.converter.json.MappingJackson2HttpMessageConverter ignored: org.springframework.hateoas.server.mvc.TypeConstrainedMappingJackson2HttpMessageConverter,org.springframework.data.rest.webmvc.alps.AlpsJsonHttpMessageConverter; SearchStrategy: all) did not find any beans (OnBeanCondition)

   JdbcClientAutoConfiguration matched:
      - @ConditionalOnSingleCandidate (types: org.springframework.jdbc.core.namedparam.NamedParameterJdbcTemplate; SearchStrategy: all) found a single bean 'namedParameterJdbcTemplate'; @ConditionalOnMissingBean (types: org.springframework.jdbc.core.simple.JdbcClient; SearchStrategy: all) did not find any beans (OnBeanCondition)

   JdbcTemplateAutoConfiguration matched:
      - @ConditionalOnClass found required classes 'javax.sql.DataSource', 'org.springframework.jdbc.core.JdbcTemplate' (OnClassCondition)
      - @ConditionalOnSingleCandidate (types: javax.sql.DataSource; SearchStrategy: all) found a single bean 'dataSource' (OnBeanCondition)

   JdbcTemplateConfiguration matched:
      - @ConditionalOnMissingBean (types: org.springframework.jdbc.core.JdbcOperations; SearchStrategy: all) did not find any beans (OnBeanCondition)

   JpaBaseConfiguration#entityManagerFactory matched:
      - @ConditionalOnMissingBean (types: org.springframework.orm.jpa.LocalContainerEntityManagerFactoryBean,jakarta.persistence.EntityManagerFactory; SearchStrategy: all) did not find any beans (OnBeanCondition)

   JpaBaseConfiguration#entityManagerFactoryBuilder matched:
      - @ConditionalOnMissingBean (types: org.springframework.boot.orm.jpa.EntityManagerFactoryBuilder; SearchStrategy: all) did not find any beans (OnBeanCondition)

   JpaBaseConfiguration#jpaVendorAdapter matched:
      - @ConditionalOnMissingBean (types: org.springframework.orm.jpa.JpaVendorAdapter; SearchStrategy: all) did not find any beans (OnBeanCondition)

   JpaBaseConfiguration#transactionManager matched:
      - @ConditionalOnMissingBean (types: org.springframework.transaction.TransactionManager; SearchStrategy: all) did not find any beans (OnBeanCondition)

   JpaBaseConfiguration.JpaWebConfiguration matched:
      - @ConditionalOnClass found required class 'org.springframework.web.servlet.config.annotation.WebMvcConfigurer' (OnClassCondition)
      - found 'session' scope (OnWebApplicationCondition)
      - @ConditionalOnProperty (spring.jpa.open-in-view=true) matched (OnPropertyCondition)
      - @ConditionalOnMissingBean (types: org.springframework.orm.jpa.support.OpenEntityManagerInViewInterceptor,org.springframework.orm.jpa.support.OpenEntityManagerInViewFilter; SearchStrategy: all) did not find any beans (OnBeanCondition)

   JpaBaseConfiguration.PersistenceManagedTypesConfiguration matched:
      - @ConditionalOnMissingBean (types: org.springframework.orm.jpa.LocalContainerEntityManagerFactoryBean,jakarta.persistence.EntityManagerFactory; SearchStrategy: all) did not find any beans (OnBeanCondition)

   JpaBaseConfiguration.PersistenceManagedTypesConfiguration#persistenceManagedTypes matched:
      - @ConditionalOnMissingBean (types: org.springframework.orm.jpa.persistenceunit.PersistenceManagedTypes; SearchStrategy: all) did not find any beans (OnBeanCondition)

   JpaRepositoriesAutoConfiguration matched:
      - @ConditionalOnClass found required class 'org.springframework.data.jpa.repository.JpaRepository' (OnClassCondition)
      - @ConditionalOnProperty (spring.data.jpa.repositories.enabled=true) matched (OnPropertyCondition)
      - @ConditionalOnBean (types: javax.sql.DataSource; SearchStrategy: all) found bean 'dataSource'; @ConditionalOnMissingBean (types: org.springframework.data.jpa.repository.support.JpaRepositoryFactoryBean,org.springframework.data.jpa.repository.config.JpaRepositoryConfigExtension; SearchStrategy: all) did not find any beans (OnBeanCondition)

   JtaAutoConfiguration matched:
      - @ConditionalOnClass found required class 'jakarta.transaction.Transaction' (OnClassCondition)
      - @ConditionalOnProperty (spring.jta.enabled) matched (OnPropertyCondition)

   JvmMetricsAutoConfiguration matched:
      - @ConditionalOnClass found required class 'io.micrometer.core.instrument.MeterRegistry' (OnClassCondition)
      - @ConditionalOnBean (types: io.micrometer.core.instrument.MeterRegistry; SearchStrategy: all) found bean 'simpleMeterRegistry' (OnBeanCondition)

   JvmMetricsAutoConfiguration#classLoaderMetrics matched:
      - @ConditionalOnMissingBean (types: io.micrometer.core.instrument.binder.jvm.ClassLoaderMetrics; SearchStrategy: all) did not find any beans (OnBeanCondition)

   JvmMetricsAutoConfiguration#jvmCompilationMetrics matched:
      - @ConditionalOnMissingBean (types: io.micrometer.core.instrument.binder.jvm.JvmCompilationMetrics; SearchStrategy: all) did not find any beans (OnBeanCondition)

   JvmMetricsAutoConfiguration#jvmGcMetrics matched:
      - @ConditionalOnMissingBean (types: io.micrometer.core.instrument.binder.jvm.JvmGcMetrics; SearchStrategy: all) did not find any beans (OnBeanCondition)

   JvmMetricsAutoConfiguration#jvmHeapPressureMetrics matched:
      - @ConditionalOnMissingBean (types: io.micrometer.core.instrument.binder.jvm.JvmHeapPressureMetrics; SearchStrategy: all) did not find any beans (OnBeanCondition)

   JvmMetricsAutoConfiguration#jvmInfoMetrics matched:
      - @ConditionalOnMissingBean (types: io.micrometer.core.instrument.binder.jvm.JvmInfoMetrics; SearchStrategy: all) did not find any beans (OnBeanCondition)

   JvmMetricsAutoConfiguration#jvmMemoryMetrics matched:
      - @ConditionalOnMissingBean (types: io.micrometer.core.instrument.binder.jvm.JvmMemoryMetrics; SearchStrategy: all) did not find any beans (OnBeanCondition)

   JvmMetricsAutoConfiguration#jvmThreadMetrics matched:
      - @ConditionalOnMissingBean (types: io.micrometer.core.instrument.binder.jvm.JvmThreadMetrics; SearchStrategy: all) did not find any beans (OnBeanCondition)

   LettuceMetricsAutoConfiguration matched:
      - @ConditionalOnClass found required classes 'io.lettuce.core.RedisClient', 'io.lettuce.core.metrics.MicrometerCommandLatencyRecorder' (OnClassCondition)
      - @ConditionalOnBean (types: io.micrometer.core.instrument.MeterRegistry; SearchStrategy: all) found bean 'simpleMeterRegistry' (OnBeanCondition)

   LettuceMetricsAutoConfiguration#micrometerOptions matched:
      - @ConditionalOnMissingBean (types: io.lettuce.core.metrics.MicrometerOptions; SearchStrategy: all) did not find any beans (OnBeanCondition)

   LifecycleAutoConfiguration#defaultLifecycleProcessor matched:
      - @ConditionalOnMissingBean (names: lifecycleProcessor; SearchStrategy: current) did not find any beans (OnBeanCondition)

   LogbackMetricsAutoConfiguration matched:
      - @ConditionalOnClass found required classes 'io.micrometer.core.instrument.MeterRegistry', 'ch.qos.logback.classic.LoggerContext', 'org.slf4j.LoggerFactory' (OnClassCondition)
      - LogbackLoggingCondition ILoggerFactory is a Logback LoggerContext (LogbackMetricsAutoConfiguration.LogbackLoggingCondition)
      - @ConditionalOnBean (types: io.micrometer.core.instrument.MeterRegistry; SearchStrategy: all) found bean 'simpleMeterRegistry' (OnBeanCondition)

   LogbackMetricsAutoConfiguration#logbackMetrics matched:
      - @ConditionalOnMissingBean (types: io.micrometer.core.instrument.binder.logging.LogbackMetrics; SearchStrategy: all) did not find any beans (OnBeanCondition)

   ManagementContextAutoConfiguration.SameManagementContextConfiguration matched:
      - Management Port actual port type (SAME) matched required type (OnManagementPortCondition)

   MetricsAutoConfiguration matched:
      - @ConditionalOnClass found required class 'io.micrometer.core.annotation.Timed' (OnClassCondition)

   MetricsAutoConfiguration#micrometerClock matched:
      - @ConditionalOnMissingBean (types: io.micrometer.core.instrument.Clock; SearchStrategy: all) did not find any beans (OnBeanCondition)

   MetricsEndpointAutoConfiguration matched:
      - @ConditionalOnClass found required class 'io.micrometer.core.annotation.Timed' (OnClassCondition)
      - @ConditionalOnAvailableEndpoint marked as exposed by a 'management.endpoints.web.exposure' property (OnAvailableEndpointCondition)

   MetricsEndpointAutoConfiguration#metricsEndpoint matched:
      - @ConditionalOnBean (types: io.micrometer.core.instrument.MeterRegistry; SearchStrategy: all) found bean 'simpleMeterRegistry'; @ConditionalOnMissingBean (types: org.springframework.boot.actuate.metrics.MetricsEndpoint; SearchStrategy: all) did not find any beans (OnBeanCondition)

   MultipartAutoConfiguration matched:
      - @ConditionalOnClass found required classes 'jakarta.servlet.Servlet', 'org.springframework.web.multipart.support.StandardServletMultipartResolver', 'jakarta.servlet.MultipartConfigElement' (OnClassCondition)
      - found 'session' scope (OnWebApplicationCondition)
      - @ConditionalOnProperty (spring.servlet.multipart.enabled) matched (OnPropertyCondition)

   MultipartAutoConfiguration#multipartConfigElement matched:
      - @ConditionalOnMissingBean (types: jakarta.servlet.MultipartConfigElement; SearchStrategy: all) did not find any beans (OnBeanCondition)

   MultipartAutoConfiguration#multipartResolver matched:
      - @ConditionalOnMissingBean (types: org.springframework.web.multipart.MultipartResolver; SearchStrategy: all) did not find any beans (OnBeanCondition)

   NamedParameterJdbcTemplateConfiguration matched:
      - @ConditionalOnSingleCandidate (types: org.springframework.jdbc.core.JdbcTemplate; SearchStrategy: all) found a single bean 'jdbcTemplate'; @ConditionalOnMissingBean (types: org.springframework.jdbc.core.namedparam.NamedParameterJdbcOperations; SearchStrategy: all) did not find any beans (OnBeanCondition)

   NettyAutoConfiguration matched:
      - @ConditionalOnClass found required class 'io.netty.util.NettyRuntime' (OnClassCondition)

   NoOpCacheConfiguration matched:
      - Cache org.springframework.boot.autoconfigure.cache.NoOpCacheConfiguration automatic cache type (CacheCondition)

   ObservationAutoConfiguration matched:
      - @ConditionalOnClass found required class 'io.micrometer.observation.ObservationRegistry' (OnClassCondition)

   ObservationAutoConfiguration#observationRegistry matched:
      - @ConditionalOnMissingBean (types: io.micrometer.observation.ObservationRegistry; SearchStrategy: all) did not find any beans (OnBeanCondition)

   ObservationAutoConfiguration.MeterObservationHandlerConfiguration matched:
      - @ConditionalOnBean (types: io.micrometer.core.instrument.MeterRegistry; SearchStrategy: all) found bean 'simpleMeterRegistry'; @ConditionalOnMissingBean (types: io.micrometer.core.instrument.observation.MeterObservationHandler; SearchStrategy: all) did not find any beans (OnBeanCondition)

   ObservationAutoConfiguration.MeterObservationHandlerConfiguration.OnlyMetricsMeterObservationHandlerConfiguration matched:
      - @ConditionalOnMissingBean (types: io.micrometer.tracing.Tracer; SearchStrategy: all) did not find any beans (OnBeanCondition)

   ObservationAutoConfiguration.ObservedAspectConfiguration matched:
      - @ConditionalOnClass found required class 'org.aspectj.weaver.Advice' (OnClassCondition)

   ObservationAutoConfiguration.ObservedAspectConfiguration#observedAspect matched:
      - @ConditionalOnMissingBean (types: io.micrometer.observation.aop.ObservedAspect; SearchStrategy: all) did not find any beans (OnBeanCondition)

   ObservationAutoConfiguration.OnlyMetricsConfiguration matched:
      - @ConditionalOnClass found required class 'io.micrometer.core.instrument.MeterRegistry'; @ConditionalOnMissingClass did not find unwanted class 'io.micrometer.tracing.Tracer' (OnClassCondition)

   PersistenceExceptionTranslationAutoConfiguration matched:
      - @ConditionalOnClass found required class 'org.springframework.dao.annotation.PersistenceExceptionTranslationPostProcessor' (OnClassCondition)

   PersistenceExceptionTranslationAutoConfiguration#persistenceExceptionTranslationPostProcessor matched:
      - @ConditionalOnProperty (spring.dao.exceptiontranslation.enabled) matched (OnPropertyCondition)
      - @ConditionalOnMissingBean (types: org.springframework.dao.annotation.PersistenceExceptionTranslationPostProcessor; SearchStrategy: all) did not find any beans (OnBeanCondition)

   PropertyPlaceholderAutoConfiguration#propertySourcesPlaceholderConfigurer matched:
      - @ConditionalOnMissingBean (types: org.springframework.context.support.PropertySourcesPlaceholderConfigurer; SearchStrategy: current) did not find any beans (OnBeanCondition)

   ReactiveHealthEndpointConfiguration matched:
      - @ConditionalOnClass found required class 'reactor.core.publisher.Flux' (OnClassCondition)
      - @ConditionalOnBean (types: org.springframework.boot.actuate.health.HealthEndpoint; SearchStrategy: all) found bean 'healthEndpoint' (OnBeanCondition)

   ReactiveHealthEndpointConfiguration#reactiveHealthContributorRegistry matched:
      - @ConditionalOnMissingBean (types: org.springframework.boot.actuate.health.ReactiveHealthContributorRegistry; SearchStrategy: all) did not find any beans (OnBeanCondition)

   ReactorAutoConfiguration matched:
      - @ConditionalOnClass found required class 'reactor.core.publisher.Hooks' (OnClassCondition)

   RedisCacheConfiguration matched:
      - @ConditionalOnClass found required class 'org.springframework.data.redis.connection.RedisConnectionFactory' (OnClassCondition)
      - Cache org.springframework.boot.autoconfigure.cache.RedisCacheConfiguration automatic cache type (CacheCondition)

   RedisReactiveAutoConfiguration matched:
      - @ConditionalOnClass found required classes 'org.springframework.data.redis.connection.ReactiveRedisConnectionFactory', 'org.springframework.data.redis.core.ReactiveRedisTemplate', 'reactor.core.publisher.Flux' (OnClassCondition)

   RepositoryMetricsAutoConfiguration matched:
      - @ConditionalOnClass found required class 'org.springframework.data.repository.Repository' (OnClassCondition)
      - @ConditionalOnBean (types: io.micrometer.core.instrument.MeterRegistry; SearchStrategy: all) found bean 'simpleMeterRegistry' (OnBeanCondition)

   RepositoryMetricsAutoConfiguration#metricsRepositoryMethodInvocationListener matched:
      - @ConditionalOnMissingBean (types: org.springframework.boot.actuate.metrics.data.MetricsRepositoryMethodInvocationListener; SearchStrategy: all) did not find any beans (OnBeanCondition)

   RepositoryMetricsAutoConfiguration#repositoryTagsProvider matched:
      - @ConditionalOnMissingBean (types: org.springframework.boot.actuate.metrics.data.RepositoryTagsProvider; SearchStrategy: all) did not find any beans (OnBeanCondition)

   RestClientAutoConfiguration matched:
      - @ConditionalOnClass found required class 'org.springframework.web.client.RestClient' (OnClassCondition)
      - NoneNestedConditions 0 matched 1 did not; NestedCondition on NotReactiveWebApplicationCondition.ReactiveWebApplication did not find reactive web application classes (NotReactiveWebApplicationCondition)

   RestClientAutoConfiguration#httpMessageConvertersRestClientCustomizer matched:
      - @ConditionalOnMissingBean (types: org.springframework.boot.autoconfigure.web.client.HttpMessageConvertersRestClientCustomizer; SearchStrategy: all) did not find any beans (OnBeanCondition)

   RestClientAutoConfiguration#restClientBuilder matched:
      - @ConditionalOnMissingBean (types: org.springframework.web.client.RestClient$Builder; SearchStrategy: all) did not find any beans (OnBeanCondition)

   RestClientAutoConfiguration#restClientBuilderConfigurer matched:
      - @ConditionalOnMissingBean (types: org.springframework.boot.autoconfigure.web.client.RestClientBuilderConfigurer; SearchStrategy: all) did not find any beans (OnBeanCondition)

   RestClientAutoConfiguration#restClientSsl matched:
      - @ConditionalOnBean (types: org.springframework.boot.ssl.SslBundles; SearchStrategy: all) found bean 'sslBundleRegistry'; @ConditionalOnMissingBean (types: org.springframework.boot.autoconfigure.web.client.RestClientSsl; SearchStrategy: all) did not find any beans (OnBeanCondition)

   RestClientObservationConfiguration matched:
      - @ConditionalOnClass found required class 'org.springframework.web.client.RestClient' (OnClassCondition)
      - @ConditionalOnBean (types: org.springframework.web.client.RestClient$Builder; SearchStrategy: all) found bean 'restClientBuilder' (OnBeanCondition)

   RestTemplateAutoConfiguration matched:
      - @ConditionalOnClass found required class 'org.springframework.web.client.RestTemplate' (OnClassCondition)
      - NoneNestedConditions 0 matched 1 did not; NestedCondition on NotReactiveWebApplicationCondition.ReactiveWebApplication did not find reactive web application classes (NotReactiveWebApplicationCondition)

   RestTemplateAutoConfiguration#restTemplateBuilder matched:
      - @ConditionalOnMissingBean (types: org.springframework.boot.web.client.RestTemplateBuilder; SearchStrategy: all) did not find any beans (OnBeanCondition)

   RestTemplateObservationConfiguration matched:
      - @ConditionalOnClass found required class 'org.springframework.web.client.RestTemplate' (OnClassCondition)
      - @ConditionalOnBean (types: org.springframework.boot.web.client.RestTemplateBuilder; SearchStrategy: all) found bean 'restTemplateBuilder' (OnBeanCondition)

   ScheduledTasksObservabilityAutoConfiguration matched:
      - @ConditionalOnClass found required class 'org.springframework.scheduling.concurrent.ThreadPoolTaskScheduler' (OnClassCondition)
      - @ConditionalOnBean (types: io.micrometer.observation.ObservationRegistry; SearchStrategy: all) found bean 'observationRegistry' (OnBeanCondition)

   SecurityAutoConfiguration matched:
      - @ConditionalOnClass found required class 'org.springframework.security.authentication.DefaultAuthenticationEventPublisher' (OnClassCondition)

   SecurityAutoConfiguration#authenticationEventPublisher matched:
      - @ConditionalOnMissingBean (types: org.springframework.security.authentication.AuthenticationEventPublisher; SearchStrategy: all) did not find any beans (OnBeanCondition)

   SecurityFilterAutoConfiguration matched:
      - @ConditionalOnClass found required classes 'org.springframework.security.web.context.AbstractSecurityWebApplicationInitializer', 'org.springframework.security.config.http.SessionCreationPolicy' (OnClassCondition)
[...]

   SpringBootWebSecurityConfiguration.WebSecurityEnablerConfiguration:
      Did not match:
         - @ConditionalOnMissingBean (names: springSecurityFilterChain; SearchStrategy: all) found beans named springSecurityFilterChain (OnBeanCondition)
      Matched:
         - @ConditionalOnClass found required class 'org.springframework.security.config.annotation.web.configuration.EnableWebSecurity' (OnClassCondition)

   SpringDocConfiguration#propertiesResolverForSchema:
      Did not match:
         - @ConditionalOnProperty (springdoc.api-docs.resolve-schema-properties) did not find property 'springdoc.api-docs.resolve-schema-properties' (OnPropertyCondition)

   SpringDocConfiguration#propertyCustomizingConverter:
      Did not match:
         - @ConditionalOnBean (types: org.springdoc.core.customizers.PropertyCustomizer; SearchStrategy: all) did not find any beans of type org.springdoc.core.customizers.PropertyCustomizer (OnBeanCondition)

   SpringDocConfiguration#springdocBeanFactoryPostProcessor:
      Did not match:
         - AnyNestedCondition 0 matched 2 did not; NestedCondition on CacheOrGroupedOpenApiCondition.OnCacheDisabled found non-matching nested conditions @ConditionalOnProperty (springdoc.cache.disabled) did not find property 'springdoc.cache.disabled'; NestedCondition on CacheOrGroupedOpenApiCondition.OnMultipleOpenApiSupportCondition AnyNestedCondition 0 matched 2 did not; NestedCondition on MultipleOpenApiSupportCondition.OnActuatorDifferentPort found non-matching nested conditions Management Port actual port type (SAME) did not match required type (DIFFERENT), @ConditionalOnProperty (springdoc.show-actuator) did not find property 'springdoc.show-actuator'; NestedCondition on MultipleOpenApiSupportCondition.OnMultipleOpenApiSupportCondition AnyNestedCondition 0 matched 2 did not; NestedCondition on MultipleOpenApiGroupsCondition.OnGroupConfigProperty @ConditionalOnProperty (springdoc.group-configs[0].group) did not find property 'springdoc.group-configs[0].group'; NestedCondition on MultipleOpenApiGroupsCondition.OnGroupedOpenApiBean @ConditionalOnBean (types: org.springdoc.core.models.GroupedOpenApi; SearchStrategy: all) did not find any beans of type org.springdoc.core.models.GroupedOpenApi (CacheOrGroupedOpenApiCondition)
      Matched:
         - @ConditionalOnClass found required class 'org.springframework.boot.context.properties.bind.BindResult' (OnClassCondition)

   SpringDocConfiguration#springdocBeanFactoryPostProcessor2:
      Did not match:
         - @ConditionalOnMissingClass found unwanted class 'org.springframework.boot.context.properties.bind.BindResult' (OnClassCondition)

   SpringDocConfiguration.SpringDocActuatorConfiguration:
      Did not match:
         - @ConditionalOnProperty (springdoc.show-actuator) did not find property 'springdoc.show-actuator' (OnPropertyCondition)
      Matched:
         - @ConditionalOnClass found required class 'org.springframework.boot.actuate.autoconfigure.endpoint.web.WebEndpointProperties' (OnClassCondition)

   SpringDocConfiguration.SpringDocRepositoryRestConfiguration:
      Did not match:
         - @ConditionalOnClass did not find required class 'org.springframework.data.rest.core.config.RepositoryRestConfiguration' (OnClassCondition)

   SpringDocDataRestConfiguration:
      Did not match:
         - @ConditionalOnClass did not find required class 'org.springframework.data.rest.core.config.RepositoryRestConfiguration' (OnClassCondition)

   SpringDocFunctionCatalogConfiguration:
      Did not match:
         - @ConditionalOnClass did not find required class 'org.springframework.cloud.function.web.function.FunctionEndpointInitializer' (OnClassCondition)

   SpringDocGroovyConfiguration:
      Did not match:
         - @ConditionalOnClass did not find required class 'groovy.lang.MetaClass' (OnClassCondition)

   SpringDocHateoasConfiguration:
      Did not match:
         - @ConditionalOnClass did not find required class 'org.springframework.hateoas.server.LinkRelationProvider' (OnClassCondition)

   SpringDocJacksonKotlinModuleConfiguration:
      Did not match:
         - @ConditionalOnClass did not find required class 'com.fasterxml.jackson.module.kotlin.KotlinModule' (OnClassCondition)

   SpringDocJavadocConfiguration:
      Did not match:
         - @ConditionalOnClass did not find required class 'com.github.therapi.runtimejavadoc.CommentFormatter' (OnClassCondition)

   SpringDocKotlinxConfiguration:
      Did not match:
         - @ConditionalOnClass did not find required class 'kotlinx.coroutines.flow.Flow' (OnClassCondition)

   SpringDocSecurityConfiguration.SpringDocSecurityOAuth2Configuration:
      Did not match:
         - @ConditionalOnClass did not find required class 'org.springframework.security.oauth2.server.authorization.OAuth2AuthorizationService' (OnClassCondition)

   SpringDocSecurityConfiguration.SpringSecurityLoginEndpointConfiguration#springSecurityLoginEndpointCustomiser:
      Did not match:
         - @ConditionalOnProperty (springdoc.show-login-endpoint) did not find property 'springdoc.show-login-endpoint' (OnPropertyCondition)

   SpringDocSortConfiguration#delegatingMethodParameterCustomizer:
      Did not match:
         - @ConditionalOnMissingBean (types: org.springdoc.core.customizers.DelegatingMethodParameterCustomizer; SearchStrategy: all) found beans of type 'org.springdoc.core.customizers.DelegatingMethodParameterCustomizer' delegatingMethodParameterCustomizer (OnBeanCondition)

   SpringDocWebMvcConfiguration.SpringDocWebMvcActuatorConfiguration#actuatorProvider:
      Did not match:
         - @ConditionalOnExpression (#{${springdoc.show-actuator:false} or ${springdoc.use-management-port:false}}) resulted in false (OnExpressionCondition)

   SpringDocWebMvcConfiguration.SpringDocWebMvcActuatorConfiguration#openApiActuatorResource:
      Did not match:
         - @ConditionalOnExpression (#{${springdoc.use-management-port:false} and ${springdoc.enable-default-api-docs:true}}) resulted in false (OnExpressionCondition)

   StackdriverMetricsExportAutoConfiguration:
      Did not match:
         - @ConditionalOnClass did not find required class 'io.micrometer.stackdriver.StackdriverMeterRegistry' (OnClassCondition)

   StartupEndpointAutoConfiguration:
      Did not match:
         - ApplicationStartup configured applicationStartup is of type class org.springframework.core.metrics.DefaultApplicationStartup, expected BufferingApplicationStartup. (StartupEndpointAutoConfiguration.ApplicationStartupCondition)

   StatsdMetricsExportAutoConfiguration:
      Did not match:
         - @ConditionalOnClass did not find required class 'io.micrometer.statsd.StatsdMeterRegistry' (OnClassCondition)

   SwaggerConfig#springWebProvider:
      Did not match:
         - @ConditionalOnMissingBean (types: org.springdoc.core.providers.SpringWebProvider; SearchStrategy: all) found beans of type 'org.springdoc.core.providers.SpringWebProvider' springWebProvider (OnBeanCondition)

   SwaggerConfig#swaggerUiConfigParameters:
      Did not match:
         - @ConditionalOnMissingBean (types: org.springdoc.core.properties.SwaggerUiConfigParameters; SearchStrategy: all) found beans of type 'org.springdoc.core.properties.SwaggerUiConfigParameters' org.springdoc.core.properties.SwaggerUiConfigParameters (OnBeanCondition)

   SwaggerConfig#swaggerUiHome:
      Did not match:
         - @ConditionalOnProperty (springdoc.swagger-ui.use-root-path=true) did not find property 'springdoc.swagger-ui.use-root-path' (OnPropertyCondition)

   SwaggerConfig.SwaggerActuatorWelcomeConfiguration:
      Did not match:
         - @ConditionalOnProperty (springdoc.use-management-port) did not find property 'springdoc.use-management-port' (OnPropertyCondition)
      Matched:
         - @ConditionalOnClass found required class 'org.springframework.boot.actuate.endpoint.web.servlet.WebMvcEndpointHandlerMapping' (OnClassCondition)

   TaskExecutorConfigurations.SimpleAsyncTaskExecutorBuilderConfiguration#simpleAsyncTaskExecutorBuilderVirtualThreads:
      Did not match:
         - @ConditionalOnMissingBean (types: org.springframework.boot.task.SimpleAsyncTaskExecutorBuilder; SearchStrategy: all) found beans of type 'org.springframework.boot.task.SimpleAsyncTaskExecutorBuilder' simpleAsyncTaskExecutorBuilder (OnBeanCondition)

   TaskExecutorConfigurations.TaskExecutorConfiguration#applicationTaskExecutorVirtualThreads:
      Did not match:
         - @ConditionalOnThreading did not find VIRTUAL (OnThreadingCondition)

   TaskSchedulingConfigurations.SimpleAsyncTaskSchedulerBuilderConfiguration#simpleAsyncTaskSchedulerBuilderVirtualThreads:
      Did not match:
         - @ConditionalOnMissingBean (types: org.springframework.boot.task.SimpleAsyncTaskSchedulerBuilder; SearchStrategy: all) found beans of type 'org.springframework.boot.task.SimpleAsyncTaskSchedulerBuilder' simpleAsyncTaskSchedulerBuilder (OnBeanCondition)

   TaskSchedulingConfigurations.TaskSchedulerConfiguration#taskSchedulerVirtualThreads:
      Did not match:
         - @ConditionalOnThreading did not find VIRTUAL (OnThreadingCondition)

   ThreadDumpEndpointAutoConfiguration:
      Did not match:
         - @ConditionalOnAvailableEndpoint no 'management.endpoints' property marked it as exposed (OnAvailableEndpointCondition)

   ThymeleafAutoConfiguration:
      Did not match:
         - @ConditionalOnClass did not find required class 'org.thymeleaf.spring6.SpringTemplateEngine' (OnClassCondition)

   TransactionAutoConfiguration#transactionalOperator:
      Did not match:
         - @ConditionalOnSingleCandidate (types: org.springframework.transaction.ReactiveTransactionManager; SearchStrategy: all) did not find any beans (OnBeanCondition)

   TransactionAutoConfiguration.AspectJTransactionManagementConfiguration:
      Did not match:
         - @ConditionalOnBean (types: org.springframework.transaction.aspectj.AbstractTransactionAspect; SearchStrategy: all) did not find any beans of type org.springframework.transaction.aspectj.AbstractTransactionAspect (OnBeanCondition)

   TransactionAutoConfiguration.EnableTransactionManagementConfiguration.JdkDynamicAutoProxyConfiguration:
      Did not match:
         - @ConditionalOnProperty (spring.aop.proxy-target-class=false) did not find property 'proxy-target-class' (OnPropertyCondition)

   UserDetailsServiceAutoConfiguration:
      Did not match:
         - @ConditionalOnMissingBean (types: org.springframework.security.authentication.AuthenticationManager,org.springframework.security.authentication.AuthenticationProvider,org.springframework.security.core.userdetails.UserDetailsService,org.springframework.security.authentication.AuthenticationManagerResolver,org.springframework.security.oauth2.jwt.JwtDecoder; SearchStrategy: all) found beans of type 'org.springframework.security.authentication.AuthenticationManager' authenticationManager and found beans of type 'org.springframework.security.core.userdetails.UserDetailsService' customUserDetailsService (OnBeanCondition)
      Matched:
         - @ConditionalOnClass found required class 'org.springframework.security.authentication.AuthenticationManager' (OnClassCondition)
         - AnyNestedCondition 1 matched 2 did not; NestedCondition on UserDetailsServiceAutoConfiguration.MissingAlternativeOrUserPropertiesConfigured.PasswordConfigured @ConditionalOnProperty (spring.security.user.password) did not find property 'password'; NestedCondition on UserDetailsServiceAutoConfiguration.MissingAlternativeOrUserPropertiesConfigured.NameConfigured @ConditionalOnProperty (spring.security.user.name) did not find property 'name'; NestedCondition on UserDetailsServiceAutoConfiguration.MissingAlternativeOrUserPropertiesConfigured.MissingAlternative @ConditionalOnMissingClass did not find unwanted classes 'org.springframework.security.oauth2.client.registration.ClientRegistrationRepository', 'org.springframework.security.oauth2.server.resource.introspection.OpaqueTokenIntrospector', 'org.springframework.security.saml2.provider.service.registration.RelyingPartyRegistrationRepository' (UserDetailsServiceAutoConfiguration.MissingAlternativeOrUserPropertiesConfigured)

   WavefrontAutoConfiguration:
      Did not match:
         - @ConditionalOnClass did not find required class 'com.wavefront.sdk.common.application.ApplicationTags' (OnClassCondition)

   WavefrontMetricsExportAutoConfiguration:
      Did not match:
         - @ConditionalOnClass did not find required class 'com.wavefront.sdk.common.WavefrontSender' (OnClassCondition)

   WavefrontTracingAutoConfiguration:
      Did not match:
         - @ConditionalOnClass did not find required class 'com.wavefront.sdk.common.WavefrontSender' (OnClassCondition)

   WebClientAutoConfiguration:
      Did not match:
         - @ConditionalOnClass did not find required class 'org.springframework.web.reactive.function.client.WebClient' (OnClassCondition)

   WebClientObservationConfiguration:
      Did not match:
         - @ConditionalOnClass did not find required class 'org.springframework.web.reactive.function.client.WebClient' (OnClassCondition)

   WebFluxAutoConfiguration:
      Did not match:
         - @ConditionalOnClass did not find required class 'org.springframework.web.reactive.config.WebFluxConfigurer' (OnClassCondition)

   WebFluxEndpointManagementContextConfiguration:
      Did not match:
         - @ConditionalOnClass did not find required class 'org.springframework.web.reactive.DispatcherHandler' (OnClassCondition)

   WebFluxObservationAutoConfiguration:
      Did not match:
         - @ConditionalOnWebApplication did not find reactive web application classes (OnWebApplicationCondition)

   WebMvcAutoConfiguration#hiddenHttpMethodFilter:
      Did not match:
         - @ConditionalOnProperty (spring.mvc.hiddenmethod.filter.enabled) did not find property 'enabled' (OnPropertyCondition)

   WebMvcAutoConfiguration.ProblemDetailsErrorHandlingConfiguration:
      Did not match:
         - @ConditionalOnProperty (spring.mvc.problemdetails.enabled=true) did not find property 'enabled' (OnPropertyCondition)

   WebMvcAutoConfiguration.ResourceChainCustomizerConfiguration:
      Did not match:
         - @ConditionalOnEnabledResourceChain did not find class org.webjars.WebJarAssetLocator (OnEnabledResourceChainCondition)

   WebMvcAutoConfiguration.WebMvcAutoConfigurationAdapter#beanNameViewResolver:
      Did not match:
         - @ConditionalOnMissingBean (types: org.springframework.web.servlet.view.BeanNameViewResolver; SearchStrategy: all) found beans of type 'org.springframework.web.servlet.view.BeanNameViewResolver' beanNameViewResolver (OnBeanCondition)

   WebMvcEndpointManagementContextConfiguration#managementHealthEndpointWebMvcHandlerMapping:
      Did not match:
         - Management Port actual port type (SAME) did not match required type (DIFFERENT) (OnManagementPortCondition)

   WebServiceTemplateAutoConfiguration:
      Did not match:
         - @ConditionalOnClass did not find required class 'org.springframework.ws.client.core.WebServiceTemplate' (OnClassCondition)

   WebServicesAutoConfiguration:
      Did not match:
         - @ConditionalOnClass did not find required class 'org.springframework.ws.transport.http.MessageDispatcherServlet' (OnClassCondition)

   WebSessionIdResolverAutoConfiguration:
      Did not match:
         - @ConditionalOnWebApplication did not find reactive web application classes (OnWebApplicationCondition)

   WebSocketMessagingAutoConfiguration:
      Did not match:
         - @ConditionalOnClass did not find required class 'org.springframework.web.socket.config.annotation.WebSocketMessageBrokerConfigurer' (OnClassCondition)

   WebSocketReactiveAutoConfiguration:
      Did not match:
         - @ConditionalOnWebApplication did not find reactive web application classes (OnWebApplicationCondition)

   WebSocketServletAutoConfiguration.JettyWebSocketConfiguration:
      Did not match:
         - @ConditionalOnClass did not find required class 'org.eclipse.jetty.ee10.websocket.jakarta.server.config.JakartaWebSocketServletContainerInitializer' (OnClassCondition)

   WebSocketServletAutoConfiguration.UndertowWebSocketConfiguration:
      Did not match:
         - @ConditionalOnClass did not find required class 'io.undertow.websockets.jsr.Bootstrap' (OnClassCondition)

   XADataSourceAutoConfiguration:
      Did not match:
         - @ConditionalOnBean (types: org.springframework.boot.jdbc.XADataSourceWrapper; SearchStrategy: all) did not find any beans of type org.springframework.boot.jdbc.XADataSourceWrapper (OnBeanCondition)
      Matched:
         - @ConditionalOnClass found required classes 'javax.sql.DataSource', 'jakarta.transaction.TransactionManager', 'org.springframework.jdbc.datasource.embedded.EmbeddedDatabaseType' (OnClassCondition)

   ZipkinAutoConfiguration:
      Did not match:
         - @ConditionalOnClass did not find required class 'zipkin2.reporter.Sender' (OnClassCondition)


Exclusions:
-----------

    org.springframework.boot.autoconfigure.data.redis.RedisAutoConfiguration

    org.springframework.boot.autoconfigure.data.redis.RedisRepositoriesAutoConfiguration


Unconditional classes:
----------------------

    org.springframework.boot.autoconfigure.context.ConfigurationPropertiesAutoConfiguration

    org.springframework.boot.actuate.autoconfigure.availability.AvailabilityHealthContributorAutoConfiguration

    org.springframework.boot.autoconfigure.ssl.SslAutoConfiguration

    org.springframework.boot.actuate.autoconfigure.info.InfoContributorAutoConfiguration

    org.springframework.boot.autoconfigure.context.PropertyPlaceholderAutoConfiguration

    org.springframework.boot.autoconfigure.context.LifecycleAutoConfiguration

    org.springframework.boot.actuate.autoconfigure.metrics.integration.IntegrationMetricsAutoConfiguration

    org.springframework.boot.actuate.autoconfigure.endpoint.EndpointAutoConfiguration

    org.springframework.boot.actuate.autoconfigure.web.server.ManagementContextAutoConfiguration

    org.springframework.boot.actuate.autoconfigure.health.HealthContributorAutoConfiguration

    org.springframework.boot.actuate.autoconfigure.endpoint.jackson.JacksonEndpointAutoConfiguration

    org.springdoc.core.configuration.SpringDocSpecPropertiesConfiguration

    org.springframework.boot.autoconfigure.availability.ApplicationAvailabilityAutoConfiguration

    org.springframework.boot.autoconfigure.info.ProjectInfoAutoConfiguration



2026-07-26T14:20:09.382+05:30  INFO 27133 --- [gym-marketplace] [           main] c.g.GymMarketplaceApplicationTests       : Started GymMarketplaceApplicationTests in 10.705 seconds (process running for 11.876)
2026-07-26T14:20:09.489+05:30 DEBUG 27133 --- [gym-marketplace] [           main] o.s.b.a.ApplicationAvailabilityBean      : Application availability state LivenessState changed to CORRECT
2026-07-26T14:20:09.493+05:30 DEBUG 27133 --- [gym-marketplace] [           main] o.s.b.a.ApplicationAvailabilityBean      : Application availability state ReadinessState changed to ACCEPTING_TRAFFIC
]]></system-out>
    <system-err><![CDATA[WARNING: A Java agent has been loaded dynamically (/home/omi/.m2/repository/net/bytebuddy/byte-buddy-agent/1.14.13/byte-buddy-agent-1.14.13.jar)
WARNING: If a serviceability tool is in use, please run with -XX:+EnableDynamicAgentLoading to hide this warning
WARNING: If a serviceability tool is not in use, please run with -Djdk.instrument.traceUsage for more information
WARNING: Dynamic loading of agents will be disallowed by default in a future release
]]></system-err>
  </testcase>
</testsuite>